# JRE version: Java(TM) SE Runtime Environment (25.0.1+8) (build 25.0.1+8-LTS-27)
# Java VM: Java HotSpot(TM) 64-Bit Server VM (25.0.1+8-LTS-27, mixed mode, sharing, tiered, compressed oops, compressed class ptrs, parallel gc, windows-amd64)
GC Precious Log:
 CardTable entry size: 512
 CPUs: 16 total, 16 available
 Memory: 16178M
 Large Page Support: Disabled
 NUMA Support: Disabled
 Compressed Oops: Enabled (32-bit)
 Alignments: Space 512K, Generation 512K, Heap 2M
 Heap Min Capacity: 100M
 Heap Initial Capacity: 100M
 Heap Max Capacity: 2G
 Pre-touch: Disabled
 Parallel Workers: 13
Heap:
 PSYoungGen      total 33792K, used 1873K [0x00000000d5580000, 0x00000000d7780000, 0x0000000100000000)
  eden space 32768K, 3% used [0x00000000d5580000,0x00000000d5693048,0x00000000d7580000)
  from space 1024K, 75% used [0x00000000d7680000,0x00000000d77414a8,0x00000000d7780000)
  to   space 1024K, 0% used [0x00000000d7580000,0x00000000d7580000,0x00000000d7680000)
 ParOldGen       total 713216K, used 712720K [0x0000000080000000, 0x00000000ab880000, 0x00000000d5580000)
  object space 713216K, 99% used [0x0000000080000000,0x00000000ab8040c0,0x00000000ab880000)
GC Heap Usage History (20 events):
Event: 67671.682 {heap Before GC invocations=6535 (full 14):
 PSYoungGen      total 33792K, used 33309K [0x00000000d5580000, 0x00000000d7780000, 0x0000000100000000)
  eden space 32768K, 99% used [0x00000000d5580000,0x00000000d7577560,0x00000000d7580000)
  from space 1024K, 56% used [0x00000000d7680000,0x00000000d7710040,0x00000000d7780000)
  to   space 1024K, 0% used [0x00000000d7580000,0x00000000d7580000,0x00000000d7680000)
 ParOldGen       total 690688K, used 690248K [0x0000000080000000, 0x00000000aa280000, 0x00000000d55Event: 67671.683 {heap After GC invocations=6535 (full 14):
 PSYoungGen      total 33280K, used 602K [0x00000000d5580000, 0x00000000d7700000, 0x0000000100000000)
  eden space 32256K, 0% used [0x00000000d5580000,0x00000000d5580000,0x00000000d7500000)
  from space 1024K, 58% used [0x00000000d7580000,0x00000000d76169d0,0x00000000d7680000)
  to   space 512K, 0% used [0x00000000d7680000,0x00000000d7680000,0x00000000d7700000)
 ParOldGen       total 690688K, used 690412K [0x0000000080000000, 0x00000000aa280000, 0x00000000d5580000Event: 67671.740 {heap Before GC invocations=6536 (full 14):
 PSYoungGen      total 33280K, used 32858K [0x00000000d5580000, 0x00000000d7700000, 0x0000000100000000)
  eden space 32256K, 100% used [0x00000000d5580000,0x00000000d7500000,0x00000000d7500000)
  from space 1024K, 58% used [0x00000000d7580000,0x00000000d76169d0,0x00000000d7680000)
  to   space 512K, 0% used [0x00000000d7680000,0x00000000d7680000,0x00000000d7700000)
 ParOldGen       total 690688K, used 690412K [0x0000000080000000, 0x00000000aa280000, 0x00000000d55Event: 67671.745 {heap After GC invocations=6536 (full 14):
 PSYoungGen      total 26624K, used 480K [0x00000000d5580000, 0x00000000d8380000, 0x0000000100000000)
  eden space 26112K, 0% used [0x00000000d5580000,0x00000000d5580000,0x00000000d6f00000)
  from space 512K, 93% used [0x00000000d7680000,0x00000000d76f8010,0x00000000d7700000)
  to   space 7680K, 0% used [0x00000000d6f00000,0x00000000d6f00000,0x00000000d7680000)
 ParOldGen       total 696320K, used 696149K [0x0000000080000000, 0x00000000aa800000, 0x00000000d5580000Event: 67682.879 {heap Before GC invocations=6537 (full 14):
 PSYoungGen      total 26624K, used 26592K [0x00000000d5580000, 0x00000000d8380000, 0x0000000100000000)
  eden space 26112K, 100% used [0x00000000d5580000,0x00000000d6f00000,0x00000000d6f00000)
  from space 512K, 93% used [0x00000000d7680000,0x00000000d76f8010,0x00000000d7700000)
  to   space 7680K, 0% used [0x00000000d6f00000,0x00000000d6f00000,0x00000000d7680000)
 ParOldGen       total 696320K, used 696149K [0x0000000080000000, 0x00000000aa800000, 0x00000000d55Event: 67682.882 {heap After GC invocations=6537 (full 14):
 PSYoungGen      total 27136K, used 1008K [0x00000000d5580000, 0x00000000d7700000, 0x0000000100000000)
  eden space 26112K, 0% used [0x00000000d5580000,0x00000000d5580000,0x00000000d6f00000)
  from space 1024K, 98% used [0x00000000d6f00000,0x00000000d6ffc030,0x00000000d7000000)
  to   space 3072K, 0% used [0x00000000d7400000,0x00000000d7400000,0x00000000d7700000)
 ParOldGen       total 696832K, used 696671K [0x0000000080000000, 0x00000000aa880000, 0x00000000d55800Event: 67683.265 {heap Before GC invocations=6538 (full 14):
 PSYoungGen      total 27136K, used 27119K [0x00000000d5580000, 0x00000000d7700000, 0x0000000100000000)
  eden space 26112K, 99% used [0x00000000d5580000,0x00000000d6efff80,0x00000000d6f00000)
  from space 1024K, 98% used [0x00000000d6f00000,0x00000000d6ffc030,0x00000000d7000000)
  to   space 3072K, 0% used [0x00000000d7400000,0x00000000d7400000,0x00000000d7700000)
 ParOldGen       total 696832K, used 696671K [0x0000000080000000, 0x00000000aa880000, 0x00000000d55Event: 67683.266 {heap After GC invocations=6538 (full 14):
 PSYoungGen      total 32768K, used 288K [0x00000000d5580000, 0x00000000d7680000, 0x0000000100000000)
  eden space 30208K, 0% used [0x00000000d5580000,0x00000000d5580000,0x00000000d7300000)
  from space 2560K, 11% used [0x00000000d7400000,0x00000000d7448000,0x00000000d7680000)
  to   space 1024K, 0% used [0x00000000d7300000,0x00000000d7300000,0x00000000d7400000)
 ParOldGen       total 697344K, used 696847K [0x0000000080000000, 0x00000000aa900000, 0x00000000d558000Event: 67687.510 {heap Before GC invocations=6539 (full 14):
 PSYoungGen      total 32768K, used 30496K [0x00000000d5580000, 0x00000000d7680000, 0x0000000100000000)
  eden space 30208K, 100% used [0x00000000d5580000,0x00000000d7300000,0x00000000d7300000)
  from space 2560K, 11% used [0x00000000d7400000,0x00000000d7448000,0x00000000d7680000)
  to   space 1024K, 0% used [0x00000000d7300000,0x00000000d7300000,0x00000000d7400000)
 ParOldGen       total 697344K, used 696847K [0x0000000080000000, 0x00000000aa900000, 0x00000000d5Event: 67687.513 {heap After GC invocations=6539 (full 14):
 PSYoungGen      total 30720K, used 1010K [0x00000000d5580000, 0x00000000d8280000, 0x0000000100000000)
  eden space 29696K, 0% used [0x00000000d5580000,0x00000000d5580000,0x00000000d7280000)
  from space 1024K, 98% used [0x00000000d7300000,0x00000000d73fc848,0x00000000d7400000)
  to   space 8192K, 0% used [0x00000000d7a80000,0x00000000d7a80000,0x00000000d8280000)
 ParOldGen       total 702976K, used 702570K [0x0000000080000000, 0x00000000aae80000, 0x00000000d55800Event: 67687.616 {heap Before GC invocations=6540 (full 14):
 PSYoungGen      total 30720K, used 30706K [0x00000000d5580000, 0x00000000d8280000, 0x0000000100000000)
  eden space 29696K, 100% used [0x00000000d5580000,0x00000000d7280000,0x00000000d7280000)
  from space 1024K, 98% used [0x00000000d7300000,0x00000000d73fc848,0x00000000d7400000)
  to   space 8192K, 0% used [0x00000000d7a80000,0x00000000d7a80000,0x00000000d8280000)
 ParOldGen       total 702976K, used 702570K [0x0000000080000000, 0x00000000aae80000, 0x00000000d5Event: 67687.621 {heap After GC invocations=6540 (full 14):
 PSYoungGen      total 35328K, used 8164K [0x00000000d5580000, 0x00000000d8700000, 0x0000000100000000)
  eden space 27136K, 0% used [0x00000000d5580000,0x00000000d5580000,0x00000000d7000000)
  from space 8192K, 99% used [0x00000000d7a80000,0x00000000d82793f0,0x00000000d8280000)
  to   space 10752K, 0% used [0x00000000d7000000,0x00000000d7000000,0x00000000d7a80000)
 ParOldGen       total 704512K, used 704331K [0x0000000080000000, 0x00000000ab000000, 0x00000000d5580Event: 67688.561 {heap Before GC invocations=6541 (full 14):
 PSYoungGen      total 35328K, used 35300K [0x00000000d5580000, 0x00000000d8700000, 0x0000000100000000)
  eden space 27136K, 100% used [0x00000000d5580000,0x00000000d7000000,0x00000000d7000000)
  from space 8192K, 99% used [0x00000000d7a80000,0x00000000d82793f0,0x00000000d8280000)
  to   space 10752K, 0% used [0x00000000d7000000,0x00000000d7000000,0x00000000d7a80000)
 ParOldGen       total 704512K, used 704331K [0x0000000080000000, 0x00000000ab000000, 0x00000000dEvent: 67688.565 {heap After GC invocations=6541 (full 14):
 PSYoungGen      total 27136K, used 256K [0x00000000d5580000, 0x00000000d7b00000, 0x0000000100000000)
  eden space 26624K, 0% used [0x00000000d5580000,0x00000000d5580000,0x00000000d6f80000)
  from space 512K, 50% used [0x00000000d7000000,0x00000000d7040000,0x00000000d7080000)
  to   space 4096K, 0% used [0x00000000d7700000,0x00000000d7700000,0x00000000d7b00000)
 ParOldGen       total 712192K, used 711775K [0x0000000080000000, 0x00000000ab780000, 0x00000000d5580000Event: 67911.031 {heap Before GC invocations=6542 (full 14):
 PSYoungGen      total 27136K, used 26613K [0x00000000d5580000, 0x00000000d7b00000, 0x0000000100000000)
  eden space 26624K, 98% used [0x00000000d5580000,0x00000000d6f3d690,0x00000000d6f80000)
  from space 512K, 50% used [0x00000000d7000000,0x00000000d7040000,0x00000000d7080000)
  to   space 4096K, 0% used [0x00000000d7700000,0x00000000d7700000,0x00000000d7b00000)
 ParOldGen       total 712192K, used 711775K [0x0000000080000000, 0x00000000ab780000, 0x00000000d558Event: 67911.033 {heap After GC invocations=6542 (full 14):
 PSYoungGen      total 33280K, used 416K [0x00000000d5580000, 0x00000000d7780000, 0x0000000100000000)
  eden space 32768K, 0% used [0x00000000d5580000,0x00000000d5580000,0x00000000d7580000)
  from space 512K, 81% used [0x00000000d7700000,0x00000000d7768000,0x00000000d7780000)
  to   space 1024K, 0% used [0x00000000d7580000,0x00000000d7580000,0x00000000d7680000)
 ParOldGen       total 712192K, used 711855K [0x0000000080000000, 0x00000000ab780000, 0x00000000d5580000Event: 67912.121 {heap Before GC invocations=6543 (full 14):
 PSYoungGen      total 33280K, used 33184K [0x00000000d5580000, 0x00000000d7780000, 0x0000000100000000)
  eden space 32768K, 100% used [0x00000000d5580000,0x00000000d7580000,0x00000000d7580000)
  from space 512K, 81% used [0x00000000d7700000,0x00000000d7768000,0x00000000d7780000)
  to   space 1024K, 0% used [0x00000000d7580000,0x00000000d7580000,0x00000000d7680000)
 ParOldGen       total 712192K, used 711855K [0x0000000080000000, 0x00000000ab780000, 0x00000000d55Event: 67912.123 {heap After GC invocations=6543 (full 14):
 PSYoungGen      total 33280K, used 928K [0x00000000d5580000, 0x00000000d7800000, 0x0000000100000000)
  eden space 32256K, 0% used [0x00000000d5580000,0x00000000d5580000,0x00000000d7500000)
  from space 1024K, 90% used [0x00000000d7580000,0x00000000d7668000,0x00000000d7680000)
  to   space 1536K, 0% used [0x00000000d7680000,0x00000000d7680000,0x00000000d7800000)
 ParOldGen       total 712192K, used 711967K [0x0000000080000000, 0x00000000ab780000, 0x00000000d558000Event: 67912.177 {heap Before GC invocations=6544 (full 14):
 PSYoungGen      total 33280K, used 33169K [0x00000000d5580000, 0x00000000d7800000, 0x0000000100000000)
  eden space 32256K, 99% used [0x00000000d5580000,0x00000000d74fc5d0,0x00000000d7500000)
  from space 1024K, 90% used [0x00000000d7580000,0x00000000d7668000,0x00000000d7680000)
  to   space 1536K, 0% used [0x00000000d7680000,0x00000000d7680000,0x00000000d7800000)
 ParOldGen       total 712192K, used 711967K [0x0000000080000000, 0x00000000ab780000, 0x00000000d55Event: 67912.178 {heap After GC invocations=6544 (full 14):
 PSYoungGen      total 33792K, used 773K [0x00000000d5580000, 0x00000000d7780000, 0x0000000100000000)
  eden space 32768K, 0% used [0x00000000d5580000,0x00000000d5580000,0x00000000d7580000)
  from space 1024K, 75% used [0x00000000d7680000,0x00000000d77414a8,0x00000000d7780000)
  to   space 1024K, 0% used [0x00000000d7580000,0x00000000d7580000,0x00000000d7680000)
 ParOldGen       total 713216K, used 712720K [0x0000000080000000, 0x00000000ab880000, 0x00000000d558000
Metaspace Usage History (20 events):
Event: 67671.682 {metaspace Before GC invocations=6535 (full 14):
 Metaspace       used 110227K, committed 112064K, reserved 1179648K
  class space    used 9154K, committed 10048K, reserved 1048576K
}
Event: 67671.683 {metaspace After GC invocations=6535 (full 14):
 Metaspace       used 110227K, committed 112064K, reserved 1179648K
  class space    used 9154K, committed 10048K, reserved 1048576K
}
Event: 67671.740 {metaspace Before GC invocations=6536 (full 14):
 Metaspace       used 110227K, committed 112064K, reserved 1179648K
  class space    used 9154K, committed 10048K, reserved 1048576K
}
Event: 67671.745 {metaspace After GC invocations=6536 (full 14):
 Metaspace       used 110227K, committed 112064K, reserved 1179648K
  class space    used 9154K, committed 10048K, reserved 1048576K
}
Event: 67682.879 {metaspace Before GC invocations=6537 (full 14):
 Metaspace       used 110227K, committed 112064K, reserved 1179648K
  class space    used 9154K, committed 10048K, reserved 1048576K
}
Event: 67682.882 {metaspace After GC invocations=6537 (full 14):
 Metaspace       used 110227K, committed 112064K, reserved 1179648K
  class space    used 9154K, committed 10048K, reserved 1048576K
}
Event: 67683.265 {metaspace Before GC invocations=6538 (full 14):
 Metaspace       used 110227K, committed 112064K, reserved 1179648K
  class space    used 9154K, committed 10048K, reserved 1048576K
}
Event: 67683.266 {metaspace After GC invocations=6538 (full 14):
 Metaspace       used 110227K, committed 112064K, reserved 1179648K
  class space    used 9154K, committed 10048K, reserved 1048576K
}
Event: 67687.510 {metaspace Before GC invocations=6539 (full 14):
 Metaspace       used 110227K, committed 112064K, reserved 1179648K
  class space    used 9154K, committed 10048K, reserved 1048576K
}
Event: 67687.513 {metaspace After GC invocations=6539 (full 14):
 Metaspace       used 110227K, committed 112064K, reserved 1179648K
  class space    used 9154K, committed 10048K, reserved 1048576K
}
Event: 67687.616 {metaspace Before GC invocations=6540 (full 14):
 Metaspace       used 110227K, committed 112064K, reserved 1179648K
  class space    used 9154K, committed 10048K, reserved 1048576K
}
Event: 67687.621 {metaspace After GC invocations=6540 (full 14):
 Metaspace       used 110227K, committed 112064K, reserved 1179648K
  class space    used 9154K, committed 10048K, reserved 1048576K
}
Event: 67688.561 {metaspace Before GC invocations=6541 (full 14):
 Metaspace       used 110227K, committed 112064K, reserved 1179648K
  class space    used 9154K, committed 10048K, reserved 1048576K
}
Event: 67688.565 {metaspace After GC invocations=6541 (full 14):
 Metaspace       used 110227K, committed 112064K, reserved 1179648K
  class space    used 9154K, committed 10048K, reserved 1048576K
}
Event: 67911.031 {metaspace Before GC invocations=6542 (full 14):
 Metaspace       used 110269K, committed 112128K, reserved 1179648K
  class space    used 9161K, committed 10048K, reserved 1048576K
}
Event: 67911.033 {metaspace After GC invocations=6542 (full 14):
 Metaspace       used 110269K, committed 112128K, reserved 1179648K
  class space    used 9161K, committed 10048K, reserved 1048576K
}
Event: 67912.121 {metaspace Before GC invocations=6543 (full 14):
 Metaspace       used 110857K, committed 112704K, reserved 1179648K
  class space    used 9228K, committed 10048K, reserved 1048576K
}
Event: 67912.123 {metaspace After GC invocations=6543 (full 14):
 Metaspace       used 110857K, committed 112704K, reserved 1179648K
  class space    used 9228K, committed 10048K, reserved 1048576K
}
Event: 67912.177 {metaspace Before GC invocations=6544 (full 14):
 Metaspace       used 111511K, committed 113792K, reserved 1179648K
  class space    used 9416K, committed 10432K, reserved 1048576K
}
Event: 67912.178 {metaspace After GC invocations=6544 (full 14):
 Metaspace       used 111511K, committed 113792K, reserved 1179648K
  class space    used 9416K, committed 10432K, reserved 1048576K
}

